  Amo_Object.cpp
D:\game c ++\game_star\game_star\Common_function.h(7,9): fatal  error C1083: Cannot open include file: 'SDL.h': No such file or directory
  Base_Object.cpp
D:\game c ++\game_star\game_star\Common_function.h(7,9): fatal  error C1083: Cannot open include file: 'SDL.h': No such file or directory
  Common_function.cpp
D:\game c ++\game_star\game_star\Common_function.h(7,9): fatal  error C1083: Cannot open include file: 'SDL.h': No such file or directory
  ExplosionObject.cpp
D:\game c ++\game_star\game_star\Common_function.h(7,9): fatal  error C1083: Cannot open include file: 'SDL.h': No such file or directory
  Items.cpp
D:\game c ++\game_star\game_star\Common_function.h(7,9): fatal  error C1083: Cannot open include file: 'SDL.h': No such file or directory
  main.cpp
D:\game c ++\game_star\game_star\Common_function.h(7,9): fatal  error C1083: Cannot open include file: 'SDL.h': No such file or directory
  Main_Object.cpp
D:\game c ++\game_star\game_star\Common_function.h(7,9): fatal  error C1083: Cannot open include file: 'SDL.h': No such file or directory
  PlayPower.cpp
D:\game c ++\game_star\game_star\Common_function.h(7,9): fatal  error C1083: Cannot open include file: 'SDL.h': No such file or directory
  Text_Object.cpp
D:\game c ++\game_star\game_star\Common_function.h(7,9): fatal  error C1083: Cannot open include file: 'SDL.h': No such file or directory
  Threat_Object.cpp
D:\game c ++\game_star\game_star\Common_function.h(7,9): fatal  error C1083: Cannot open include file: 'SDL.h': No such file or directory
